\BOOKMARK [0][-]{chapter.1}{\376\377\0001\000\040\000G\000r\000o\000\337\000e\000\040\000H\000a\000u\000s\000a\000u\000f\000g\000a\000b\000e\000\040\000f\000\374\000r\000\040\000P\000r\000o\000g\0002}{}% 1
\BOOKMARK [0][-]{chapter.2}{\376\377\0002\000\040\000K\000o\000n\000z\000o\000l\000b\000a\000s\000i\000e\000r\000t\000e\000s\000\040\000I\000n\000t\000e\000r\000p\000r\000e\000t\000e\000r\000\040\000e\000i\000n\000e\000s\000\040\000d\000y\000n\000a\000m\000i\000s\000c\000h\000\040\000g\000e\000s\000c\000h\000r\000i\000e\000b\000e\000n\000e\000n\000,\000\040\000k\000o\000n\000f\000i\000g\000u\000r\000i\000e\000r\000b\000a\000r\000e\000n\000\040\000S\000p\000r\000a\000c\000h\000e\000s}{}% 2
\BOOKMARK [0][-]{chapter.3}{\376\377\0003\000\040\000N\000a\000m\000e\000s\000p\000a\000c\000e\000\040\000I\000n\000d\000e\000x}{}% 3
\BOOKMARK [1][-]{section.3.1}{\376\377\0003\000.\0001\000\040\000N\000a\000m\000e\000s\000p\000a\000c\000e\000\040\000L\000i\000s\000t}{chapter.3}% 4
\BOOKMARK [0][-]{chapter.4}{\376\377\0004\000\040\000H\000i\000e\000r\000a\000r\000c\000h\000i\000c\000a\000l\000\040\000I\000n\000d\000e\000x}{}% 5
\BOOKMARK [1][-]{section.4.1}{\376\377\0004\000.\0001\000\040\000C\000l\000a\000s\000s\000\040\000H\000i\000e\000r\000a\000r\000c\000h\000y}{chapter.4}% 6
\BOOKMARK [0][-]{chapter.5}{\376\377\0005\000\040\000D\000a\000t\000a\000\040\000S\000t\000r\000u\000c\000t\000u\000r\000e\000\040\000I\000n\000d\000e\000x}{}% 7
\BOOKMARK [1][-]{section.5.1}{\376\377\0005\000.\0001\000\040\000D\000a\000t\000a\000\040\000S\000t\000r\000u\000c\000t\000u\000r\000e\000s}{chapter.5}% 8
\BOOKMARK [0][-]{chapter.6}{\376\377\0006\000\040\000F\000i\000l\000e\000\040\000I\000n\000d\000e\000x}{}% 9
\BOOKMARK [1][-]{section.6.1}{\376\377\0006\000.\0001\000\040\000F\000i\000l\000e\000\040\000L\000i\000s\000t}{chapter.6}% 10
\BOOKMARK [0][-]{chapter.7}{\376\377\0007\000\040\000N\000a\000m\000e\000s\000p\000a\000c\000e\000\040\000D\000o\000c\000u\000m\000e\000n\000t\000a\000t\000i\000o\000n}{}% 11
\BOOKMARK [1][-]{section.7.1}{\376\377\0007\000.\0001\000\040\000j\000s\000o\000n\000\040\000N\000a\000m\000e\000s\000p\000a\000c\000e\000\040\000R\000e\000f\000e\000r\000e\000n\000c\000e}{chapter.7}% 12
\BOOKMARK [2][-]{subsection.7.1.1}{\376\377\0007\000.\0001\000.\0001\000\040\000F\000u\000n\000c\000t\000i\000o\000n\000\040\000D\000o\000c\000u\000m\000e\000n\000t\000a\000t\000i\000o\000n}{section.7.1}% 13
\BOOKMARK [3][-]{subsubsection.7.1.1.1}{\376\377\0007\000.\0001\000.\0001\000.\0001\000\040\000A\000r\000r\000a\000y\000\050\000\051\000\040\000[\0001\000/\0002\000]}{subsection.7.1.1}% 14
\BOOKMARK [3][-]{subsubsection.7.1.1.2}{\376\377\0007\000.\0001\000.\0001\000.\0002\000\040\000A\000r\000r\000a\000y\000\050\000\051\000\040\000[\0002\000/\0002\000]}{subsection.7.1.1}% 15
\BOOKMARK [3][-]{subsubsection.7.1.1.3}{\376\377\0007\000.\0001\000.\0001\000.\0003\000\040\000O\000b\000j\000e\000c\000t\000\050\000\051}{subsection.7.1.1}% 16
\BOOKMARK [3][-]{subsubsection.7.1.1.4}{\376\377\0007\000.\0001\000.\0001\000.\0004\000\040\000o\000p\000e\000r\000a\000t\000o\000r\000<\000<\000\050\000\051}{subsection.7.1.1}% 17
\BOOKMARK [1][-]{section.7.2}{\376\377\0007\000.\0002\000\040\000j\000s\000o\000n\000:\000:\000a\000n\000o\000n\000y\000m\000o\000u\000s\000\137\000n\000a\000m\000e\000s\000p\000a\000c\000e\000\173\000j\000s\000o\000n\000.\000h\000p\000p\000\175\000\040\000N\000a\000m\000e\000s\000p\000a\000c\000e\000\040\000R\000e\000f\000e\000r\000e\000n\000c\000e}{chapter.7}% 18
\BOOKMARK [2][-]{subsection.7.2.1}{\376\377\0007\000.\0002\000.\0001\000\040\000F\000u\000n\000c\000t\000i\000o\000n\000\040\000D\000o\000c\000u\000m\000e\000n\000t\000a\000t\000i\000o\000n}{section.7.2}% 19
\BOOKMARK [3][-]{subsubsection.7.2.1.1}{\376\377\0007\000.\0002\000.\0001\000.\0001\000\040\000c\000o\000n\000s\000u\000m\000e\000\137\000w\000s\000\050\000\051}{subsection.7.2.1}% 20
\BOOKMARK [3][-]{subsubsection.7.2.1.2}{\376\377\0007\000.\0002\000.\0001\000.\0002\000\040\000j\000s\000o\000n\000\137\000e\000s\000c\000a\000p\000e\000\050\000\051}{subsection.7.2.1}% 21
\BOOKMARK [3][-]{subsubsection.7.2.1.3}{\376\377\0007\000.\0002\000.\0001\000.\0003\000\040\000p\000a\000r\000s\000e\000\137\000a\000r\000r\000a\000y\000\050\000\051}{subsection.7.2.1}% 22
\BOOKMARK [3][-]{subsubsection.7.2.1.4}{\376\377\0007\000.\0002\000.\0001\000.\0004\000\040\000p\000a\000r\000s\000e\000\137\000b\000o\000o\000l\000\050\000\051}{subsection.7.2.1}% 23
\BOOKMARK [3][-]{subsubsection.7.2.1.5}{\376\377\0007\000.\0002\000.\0001\000.\0005\000\040\000p\000a\000r\000s\000e\000\137\000n\000e\000x\000t\000\050\000\051}{subsection.7.2.1}% 24
\BOOKMARK [3][-]{subsubsection.7.2.1.6}{\376\377\0007\000.\0002\000.\0001\000.\0006\000\040\000p\000a\000r\000s\000e\000\137\000n\000u\000l\000l\000\050\000\051}{subsection.7.2.1}% 25
\BOOKMARK [3][-]{subsubsection.7.2.1.7}{\376\377\0007\000.\0002\000.\0001\000.\0007\000\040\000p\000a\000r\000s\000e\000\137\000n\000u\000m\000b\000e\000r\000\050\000\051}{subsection.7.2.1}% 26
\BOOKMARK [3][-]{subsubsection.7.2.1.8}{\376\377\0007\000.\0002\000.\0001\000.\0008\000\040\000p\000a\000r\000s\000e\000\137\000o\000b\000j\000e\000c\000t\000\050\000\051}{subsection.7.2.1}% 27
\BOOKMARK [3][-]{subsubsection.7.2.1.9}{\376\377\0007\000.\0002\000.\0001\000.\0009\000\040\000p\000a\000r\000s\000e\000\137\000s\000t\000r\000i\000n\000g\000\050\000\051}{subsection.7.2.1}% 28
\BOOKMARK [0][-]{chapter.8}{\376\377\0008\000\040\000D\000a\000t\000a\000\040\000S\000t\000r\000u\000c\000t\000u\000r\000e\000\040\000D\000o\000c\000u\000m\000e\000n\000t\000a\000t\000i\000o\000n}{}% 29
\BOOKMARK [1][-]{section.8.1}{\376\377\0008\000.\0001\000\040\000j\000s\000o\000n\000:\000:\000J\000S\000O\000N\000:\000:\000B\000a\000c\000k\000i\000n\000g\000D\000a\000t\000a\000\040\000U\000n\000i\000o\000n\000\040\000R\000e\000f\000e\000r\000e\000n\000c\000e}{chapter.8}% 30
\BOOKMARK [2][-]{subsection.8.1.1}{\376\377\0008\000.\0001\000.\0001\000\040\000D\000e\000t\000a\000i\000l\000e\000d\000\040\000D\000e\000s\000c\000r\000i\000p\000t\000i\000o\000n}{section.8.1}% 31
\BOOKMARK [2][-]{subsection.8.1.2}{\376\377\0008\000.\0001\000.\0002\000\040\000C\000o\000n\000s\000t\000r\000u\000c\000t\000o\000r\000\040\000\046\000\040\000D\000e\000s\000t\000r\000u\000c\000t\000o\000r\000\040\000D\000o\000c\000u\000m\000e\000n\000t\000a\000t\000i\000o\000n}{section.8.1}% 32
\BOOKMARK [3][-]{subsubsection.8.1.2.1}{\376\377\0008\000.\0001\000.\0002\000.\0001\000\040\000B\000a\000c\000k\000i\000n\000g\000D\000a\000t\000a\000\050\000\051\000\040\000[\0001\000/\0005\000]}{subsection.8.1.2}% 33
\BOOKMARK [3][-]{subsubsection.8.1.2.2}{\376\377\0008\000.\0001\000.\0002\000.\0002\000\040\000B\000a\000c\000k\000i\000n\000g\000D\000a\000t\000a\000\050\000\051\000\040\000[\0002\000/\0005\000]}{subsection.8.1.2}% 34
\BOOKMARK [3][-]{subsubsection.8.1.2.3}{\376\377\0008\000.\0001\000.\0002\000.\0003\000\040\000B\000a\000c\000k\000i\000n\000g\000D\000a\000t\000a\000\050\000\051\000\040\000[\0003\000/\0005\000]}{subsection.8.1.2}% 35
\BOOKMARK [3][-]{subsubsection.8.1.2.4}{\376\377\0008\000.\0001\000.\0002\000.\0004\000\040\000B\000a\000c\000k\000i\000n\000g\000D\000a\000t\000a\000\050\000\051\000\040\000[\0004\000/\0005\000]}{subsection.8.1.2}% 36
\BOOKMARK [3][-]{subsubsection.8.1.2.5}{\376\377\0008\000.\0001\000.\0002\000.\0005\000\040\000B\000a\000c\000k\000i\000n\000g\000D\000a\000t\000a\000\050\000\051\000\040\000[\0005\000/\0005\000]}{subsection.8.1.2}% 37
\BOOKMARK [2][-]{subsection.8.1.3}{\376\377\0008\000.\0001\000.\0003\000\040\000F\000i\000e\000l\000d\000\040\000D\000o\000c\000u\000m\000e\000n\000t\000a\000t\000i\000o\000n}{section.8.1}% 38
\BOOKMARK [3][-]{subsubsection.8.1.3.1}{\376\377\0008\000.\0001\000.\0003\000.\0001\000\040\000B\000o\000o\000l}{subsection.8.1.3}% 39
\BOOKMARK [3][-]{subsubsection.8.1.3.2}{\376\377\0008\000.\0001\000.\0003\000.\0002\000\040\000F\000l\000o\000a\000t}{subsection.8.1.3}% 40
\BOOKMARK [3][-]{subsubsection.8.1.3.3}{\376\377\0008\000.\0001\000.\0003\000.\0003\000\040\000I\000n\000t}{subsection.8.1.3}% 41
\BOOKMARK [3][-]{subsubsection.8.1.3.4}{\376\377\0008\000.\0001\000.\0003\000.\0004\000\040\000L\000i\000s\000t}{subsection.8.1.3}% 42
\BOOKMARK [3][-]{subsubsection.8.1.3.5}{\376\377\0008\000.\0001\000.\0003\000.\0005\000\040\000M\000a\000p}{subsection.8.1.3}% 43
\BOOKMARK [3][-]{subsubsection.8.1.3.6}{\376\377\0008\000.\0001\000.\0003\000.\0006\000\040\000S\000t\000r\000i\000n\000g}{subsection.8.1.3}% 44
\BOOKMARK [1][-]{section.8.2}{\376\377\0008\000.\0002\000\040\000C\000o\000m\000p\000l\000e\000x\000I\000n\000s\000t\000r\000u\000k\000t\000i\000o\000n\000\040\000C\000l\000a\000s\000s\000\040\000R\000e\000f\000e\000r\000e\000n\000c\000e}{chapter.8}% 45
\BOOKMARK [2][-]{subsection.8.2.1}{\376\377\0008\000.\0002\000.\0001\000\040\000D\000e\000t\000a\000i\000l\000e\000d\000\040\000D\000e\000s\000c\000r\000i\000p\000t\000i\000o\000n}{section.8.2}% 46
\BOOKMARK [2][-]{subsection.8.2.2}{\376\377\0008\000.\0002\000.\0002\000\040\000C\000o\000n\000s\000t\000r\000u\000c\000t\000o\000r\000\040\000\046\000\040\000D\000e\000s\000t\000r\000u\000c\000t\000o\000r\000\040\000D\000o\000c\000u\000m\000e\000n\000t\000a\000t\000i\000o\000n}{section.8.2}% 47
\BOOKMARK [3][-]{subsubsection.8.2.2.1}{\376\377\0008\000.\0002\000.\0002\000.\0001\000\040\000C\000o\000m\000p\000l\000e\000x\000I\000n\000s\000t\000r\000u\000k\000t\000i\000o\000n\000\050\000\051\000\040\000[\0001\000/\0002\000]}{subsection.8.2.2}% 48
\BOOKMARK [3][-]{subsubsection.8.2.2.2}{\376\377\0008\000.\0002\000.\0002\000.\0002\000\040\000C\000o\000m\000p\000l\000e\000x\000I\000n\000s\000t\000r\000u\000k\000t\000i\000o\000n\000\050\000\051\000\040\000[\0002\000/\0002\000]}{subsection.8.2.2}% 49
\BOOKMARK [2][-]{subsection.8.2.3}{\376\377\0008\000.\0002\000.\0003\000\040\000M\000e\000m\000b\000e\000r\000\040\000F\000u\000n\000c\000t\000i\000o\000n\000\040\000D\000o\000c\000u\000m\000e\000n\000t\000a\000t\000i\000o\000n}{section.8.2}% 50
\BOOKMARK [3][-]{subsubsection.8.2.3.1}{\376\377\0008\000.\0002\000.\0003\000.\0001\000\040\000a\000d\000d\000\050\000\051}{subsection.8.2.3}% 51
\BOOKMARK [3][-]{subsubsection.8.2.3.2}{\376\377\0008\000.\0002\000.\0003\000.\0002\000\040\000p\000r\000i\000n\000t\000\050\000\051}{subsection.8.2.3}% 52
\BOOKMARK [3][-]{subsubsection.8.2.3.3}{\376\377\0008\000.\0002\000.\0003\000.\0003\000\040\000r\000u\000n\000\050\000\051}{subsection.8.2.3}% 53
\BOOKMARK [2][-]{subsection.8.2.4}{\376\377\0008\000.\0002\000.\0004\000\040\000F\000i\000e\000l\000d\000\040\000D\000o\000c\000u\000m\000e\000n\000t\000a\000t\000i\000o\000n}{section.8.2}% 54
\BOOKMARK [3][-]{subsubsection.8.2.4.1}{\376\377\0008\000.\0002\000.\0004\000.\0001\000\040\000i\000n\000s\000t\000r\000u\000c\000t\000i\000o\000n\000s}{subsection.8.2.4}% 55
\BOOKMARK [1][-]{section.8.3}{\376\377\0008\000.\0003\000\040\000D\000a\000t\000e\000i\000\040\000C\000l\000a\000s\000s\000\040\000R\000e\000f\000e\000r\000e\000n\000c\000e}{chapter.8}% 56
\BOOKMARK [2][-]{subsection.8.3.1}{\376\377\0008\000.\0003\000.\0001\000\040\000D\000e\000t\000a\000i\000l\000e\000d\000\040\000D\000e\000s\000c\000r\000i\000p\000t\000i\000o\000n}{section.8.3}% 57
\BOOKMARK [2][-]{subsection.8.3.2}{\376\377\0008\000.\0003\000.\0002\000\040\000C\000o\000n\000s\000t\000r\000u\000c\000t\000o\000r\000\040\000\046\000\040\000D\000e\000s\000t\000r\000u\000c\000t\000o\000r\000\040\000D\000o\000c\000u\000m\000e\000n\000t\000a\000t\000i\000o\000n}{section.8.3}% 58
\BOOKMARK [3][-]{subsubsection.8.3.2.1}{\376\377\0008\000.\0003\000.\0002\000.\0001\000\040\000D\000a\000t\000e\000i\000\050\000\051}{subsection.8.3.2}% 59
\BOOKMARK [2][-]{subsection.8.3.3}{\376\377\0008\000.\0003\000.\0003\000\040\000M\000e\000m\000b\000e\000r\000\040\000F\000u\000n\000c\000t\000i\000o\000n\000\040\000D\000o\000c\000u\000m\000e\000n\000t\000a\000t\000i\000o\000n}{section.8.3}% 60
\BOOKMARK [3][-]{subsubsection.8.3.3.1}{\376\377\0008\000.\0003\000.\0003\000.\0001\000\040\000g\000e\000t\000L\000a\000n\000g\000\050\000\051}{subsection.8.3.3}% 61
\BOOKMARK [3][-]{subsubsection.8.3.3.2}{\376\377\0008\000.\0003\000.\0003\000.\0002\000\040\000p\000r\000i\000n\000t\000\050\000\051}{subsection.8.3.3}% 62
\BOOKMARK [2][-]{subsection.8.3.4}{\376\377\0008\000.\0003\000.\0004\000\040\000F\000r\000i\000e\000n\000d\000s\000\040\000A\000n\000d\000\040\000R\000e\000l\000a\000t\000e\000d\000\040\000F\000u\000n\000c\000t\000i\000o\000n\000\040\000D\000o\000c\000u\000m\000e\000n\000t\000a\000t\000i\000o\000n}{section.8.3}% 63
\BOOKMARK [3][-]{subsubsection.8.3.4.1}{\376\377\0008\000.\0003\000.\0004\000.\0001\000\040\000o\000p\000e\000r\000a\000t\000o\000r\000<\000<}{subsection.8.3.4}% 64
\BOOKMARK [2][-]{subsection.8.3.5}{\376\377\0008\000.\0003\000.\0005\000\040\000F\000i\000e\000l\000d\000\040\000D\000o\000c\000u\000m\000e\000n\000t\000a\000t\000i\000o\000n}{section.8.3}% 65
\BOOKMARK [3][-]{subsubsection.8.3.5.1}{\376\377\0008\000.\0003\000.\0005\000.\0001\000\040\000l\000a\000n\000g\000u\000a\000g\000e}{subsection.8.3.5}% 66
\BOOKMARK [1][-]{section.8.4}{\376\377\0008\000.\0004\000\040\000I\000n\000s\000t\000r\000u\000k\000t\000i\000o\000n\000\040\000C\000l\000a\000s\000s\000\040\000R\000e\000f\000e\000r\000e\000n\000c\000e}{chapter.8}% 67
\BOOKMARK [2][-]{subsection.8.4.1}{\376\377\0008\000.\0004\000.\0001\000\040\000D\000e\000t\000a\000i\000l\000e\000d\000\040\000D\000e\000s\000c\000r\000i\000p\000t\000i\000o\000n}{section.8.4}% 68
\BOOKMARK [2][-]{subsection.8.4.2}{\376\377\0008\000.\0004\000.\0002\000\040\000C\000o\000n\000s\000t\000r\000u\000c\000t\000o\000r\000\040\000\046\000\040\000D\000e\000s\000t\000r\000u\000c\000t\000o\000r\000\040\000D\000o\000c\000u\000m\000e\000n\000t\000a\000t\000i\000o\000n}{section.8.4}% 69
\BOOKMARK [3][-]{subsubsection.8.4.2.1}{\376\377\0008\000.\0004\000.\0002\000.\0001\000\040\000I\000n\000s\000t\000r\000u\000k\000t\000i\000o\000n\000\050\000\051}{subsection.8.4.2}% 70
\BOOKMARK [2][-]{subsection.8.4.3}{\376\377\0008\000.\0004\000.\0003\000\040\000M\000e\000m\000b\000e\000r\000\040\000F\000u\000n\000c\000t\000i\000o\000n\000\040\000D\000o\000c\000u\000m\000e\000n\000t\000a\000t\000i\000o\000n}{section.8.4}% 71
\BOOKMARK [3][-]{subsubsection.8.4.3.1}{\376\377\0008\000.\0004\000.\0003\000.\0001\000\040\000p\000r\000i\000n\000t\000\050\000\051}{subsection.8.4.3}% 72
\BOOKMARK [3][-]{subsubsection.8.4.3.2}{\376\377\0008\000.\0004\000.\0003\000.\0002\000\040\000r\000u\000n\000\050\000\051}{subsection.8.4.3}% 73
\BOOKMARK [1][-]{section.8.5}{\376\377\0008\000.\0005\000\040\000j\000s\000o\000n\000:\000:\000J\000S\000O\000N\000\040\000C\000l\000a\000s\000s\000\040\000R\000e\000f\000e\000r\000e\000n\000c\000e}{chapter.8}% 74
\BOOKMARK [2][-]{subsection.8.5.1}{\376\377\0008\000.\0005\000.\0001\000\040\000D\000e\000t\000a\000i\000l\000e\000d\000\040\000D\000e\000s\000c\000r\000i\000p\000t\000i\000o\000n}{section.8.5}% 75
\BOOKMARK [2][-]{subsection.8.5.2}{\376\377\0008\000.\0005\000.\0002\000\040\000M\000e\000m\000b\000e\000r\000\040\000E\000n\000u\000m\000e\000r\000a\000t\000i\000o\000n\000\040\000D\000o\000c\000u\000m\000e\000n\000t\000a\000t\000i\000o\000n}{section.8.5}% 76
\BOOKMARK [3][-]{subsubsection.8.5.2.1}{\376\377\0008\000.\0005\000.\0002\000.\0001\000\040\000C\000l\000a\000s\000s}{subsection.8.5.2}% 77
\BOOKMARK [2][-]{subsection.8.5.3}{\376\377\0008\000.\0005\000.\0003\000\040\000C\000o\000n\000s\000t\000r\000u\000c\000t\000o\000r\000\040\000\046\000\040\000D\000e\000s\000t\000r\000u\000c\000t\000o\000r\000\040\000D\000o\000c\000u\000m\000e\000n\000t\000a\000t\000i\000o\000n}{section.8.5}% 78
\BOOKMARK [3][-]{subsubsection.8.5.3.1}{\376\377\0008\000.\0005\000.\0003\000.\0001\000\040\000J\000S\000O\000N\000\050\000\051\000\040\000[\0001\000/\0009\000]}{subsection.8.5.3}% 79
\BOOKMARK [3][-]{subsubsection.8.5.3.2}{\376\377\0008\000.\0005\000.\0003\000.\0002\000\040\000J\000S\000O\000N\000\050\000\051\000\040\000[\0002\000/\0009\000]}{subsection.8.5.3}% 80
\BOOKMARK [3][-]{subsubsection.8.5.3.3}{\376\377\0008\000.\0005\000.\0003\000.\0003\000\040\000J\000S\000O\000N\000\050\000\051\000\040\000[\0003\000/\0009\000]}{subsection.8.5.3}% 81
\BOOKMARK [3][-]{subsubsection.8.5.3.4}{\376\377\0008\000.\0005\000.\0003\000.\0004\000\040\000J\000S\000O\000N\000\050\000\051\000\040\000[\0004\000/\0009\000]}{subsection.8.5.3}% 82
\BOOKMARK [3][-]{subsubsection.8.5.3.5}{\376\377\0008\000.\0005\000.\0003\000.\0005\000\040\000\040\000J\000S\000O\000N\000\050\000\051}{subsection.8.5.3}% 83
\BOOKMARK [3][-]{subsubsection.8.5.3.6}{\376\377\0008\000.\0005\000.\0003\000.\0006\000\040\000J\000S\000O\000N\000\050\000\051\000\040\000[\0005\000/\0009\000]}{subsection.8.5.3}% 84
\BOOKMARK [3][-]{subsubsection.8.5.3.7}{\376\377\0008\000.\0005\000.\0003\000.\0007\000\040\000J\000S\000O\000N\000\050\000\051\000\040\000[\0006\000/\0009\000]}{subsection.8.5.3}% 85
\BOOKMARK [3][-]{subsubsection.8.5.3.8}{\376\377\0008\000.\0005\000.\0003\000.\0008\000\040\000J\000S\000O\000N\000\050\000\051\000\040\000[\0007\000/\0009\000]}{subsection.8.5.3}% 86
\BOOKMARK [3][-]{subsubsection.8.5.3.9}{\376\377\0008\000.\0005\000.\0003\000.\0009\000\040\000J\000S\000O\000N\000\050\000\051\000\040\000[\0008\000/\0009\000]}{subsection.8.5.3}% 87
\BOOKMARK [3][-]{subsubsection.8.5.3.10}{\376\377\0008\000.\0005\000.\0003\000.\0001\0000\000\040\000J\000S\000O\000N\000\050\000\051\000\040\000[\0009\000/\0009\000]}{subsection.8.5.3}% 88
\BOOKMARK [2][-]{subsection.8.5.4}{\376\377\0008\000.\0005\000.\0004\000\040\000M\000e\000m\000b\000e\000r\000\040\000F\000u\000n\000c\000t\000i\000o\000n\000\040\000D\000o\000c\000u\000m\000e\000n\000t\000a\000t\000i\000o\000n}{section.8.5}% 89
\BOOKMARK [3][-]{subsubsection.8.5.4.1}{\376\377\0008\000.\0005\000.\0004\000.\0001\000\040\000a\000p\000p\000e\000n\000d\000\050\000\051\000\040\000[\0001\000/\0002\000]}{subsection.8.5.4}% 90
\BOOKMARK [3][-]{subsubsection.8.5.4.2}{\376\377\0008\000.\0005\000.\0004\000.\0002\000\040\000a\000p\000p\000e\000n\000d\000\050\000\051\000\040\000[\0002\000/\0002\000]}{subsection.8.5.4}% 91
\BOOKMARK [3][-]{subsubsection.8.5.4.3}{\376\377\0008\000.\0005\000.\0004\000.\0003\000\040\000A\000r\000r\000a\000y\000R\000a\000n\000g\000e\000\050\000\051\000\040\000[\0001\000/\0002\000]}{subsection.8.5.4}% 92
\BOOKMARK [3][-]{subsubsection.8.5.4.4}{\376\377\0008\000.\0005\000.\0004\000.\0004\000\040\000A\000r\000r\000a\000y\000R\000a\000n\000g\000e\000\050\000\051\000\040\000[\0002\000/\0002\000]}{subsection.8.5.4}% 93
\BOOKMARK [3][-]{subsubsection.8.5.4.5}{\376\377\0008\000.\0005\000.\0004\000.\0005\000\040\000a\000t\000\050\000\051\000\040\000[\0001\000/\0004\000]}{subsection.8.5.4}% 94
\BOOKMARK [3][-]{subsubsection.8.5.4.6}{\376\377\0008\000.\0005\000.\0004\000.\0006\000\040\000a\000t\000\050\000\051\000\040\000[\0002\000/\0004\000]}{subsection.8.5.4}% 95
\BOOKMARK [3][-]{subsubsection.8.5.4.7}{\376\377\0008\000.\0005\000.\0004\000.\0007\000\040\000a\000t\000\050\000\051\000\040\000[\0003\000/\0004\000]}{subsection.8.5.4}% 96
\BOOKMARK [3][-]{subsubsection.8.5.4.8}{\376\377\0008\000.\0005\000.\0004\000.\0008\000\040\000a\000t\000\050\000\051\000\040\000[\0004\000/\0004\000]}{subsection.8.5.4}% 97
\BOOKMARK [3][-]{subsubsection.8.5.4.9}{\376\377\0008\000.\0005\000.\0004\000.\0009\000\040\000C\000l\000e\000a\000r\000I\000n\000t\000e\000r\000n\000a\000l\000\050\000\051}{subsection.8.5.4}% 98
\BOOKMARK [3][-]{subsubsection.8.5.4.10}{\376\377\0008\000.\0005\000.\0004\000.\0001\0000\000\040\000d\000u\000m\000p\000\050\000\051}{subsection.8.5.4}% 99
\BOOKMARK [3][-]{subsubsection.8.5.4.11}{\376\377\0008\000.\0005\000.\0004\000.\0001\0001\000\040\000h\000a\000s\000K\000e\000y\000\050\000\051}{subsection.8.5.4}% 100
\BOOKMARK [3][-]{subsubsection.8.5.4.12}{\376\377\0008\000.\0005\000.\0004\000.\0001\0002\000\040\000I\000s\000N\000u\000l\000l\000\050\000\051}{subsection.8.5.4}% 101
\BOOKMARK [3][-]{subsubsection.8.5.4.13}{\376\377\0008\000.\0005\000.\0004\000.\0001\0003\000\040\000J\000S\000O\000N\000T\000y\000p\000e\000\050\000\051}{subsection.8.5.4}% 102
\BOOKMARK [3][-]{subsubsection.8.5.4.14}{\376\377\0008\000.\0005\000.\0004\000.\0001\0004\000\040\000l\000e\000n\000g\000t\000h\000\050\000\051}{subsection.8.5.4}% 103
\BOOKMARK [3][-]{subsubsection.8.5.4.15}{\376\377\0008\000.\0005\000.\0004\000.\0001\0005\000\040\000L\000o\000a\000d\000\050\000\051}{subsection.8.5.4}% 104
\BOOKMARK [3][-]{subsubsection.8.5.4.16}{\376\377\0008\000.\0005\000.\0004\000.\0001\0006\000\040\000M\000a\000k\000e\000\050\000\051}{subsection.8.5.4}% 105
\BOOKMARK [3][-]{subsubsection.8.5.4.17}{\376\377\0008\000.\0005\000.\0004\000.\0001\0007\000\040\000O\000b\000j\000e\000c\000t\000R\000a\000n\000g\000e\000\050\000\051\000\040\000[\0001\000/\0002\000]}{subsection.8.5.4}% 106
\BOOKMARK [3][-]{subsubsection.8.5.4.18}{\376\377\0008\000.\0005\000.\0004\000.\0001\0008\000\040\000O\000b\000j\000e\000c\000t\000R\000a\000n\000g\000e\000\050\000\051\000\040\000[\0002\000/\0002\000]}{subsection.8.5.4}% 107
\BOOKMARK [3][-]{subsubsection.8.5.4.19}{\376\377\0008\000.\0005\000.\0004\000.\0001\0009\000\040\000o\000p\000e\000r\000a\000t\000o\000r\000=\000\050\000\051\000\040\000[\0001\000/\0006\000]}{subsection.8.5.4}% 108
\BOOKMARK [3][-]{subsubsection.8.5.4.20}{\376\377\0008\000.\0005\000.\0004\000.\0002\0000\000\040\000o\000p\000e\000r\000a\000t\000o\000r\000=\000\050\000\051\000\040\000[\0002\000/\0006\000]}{subsection.8.5.4}% 109
\BOOKMARK [3][-]{subsubsection.8.5.4.21}{\376\377\0008\000.\0005\000.\0004\000.\0002\0001\000\040\000o\000p\000e\000r\000a\000t\000o\000r\000=\000\050\000\051\000\040\000[\0003\000/\0006\000]}{subsection.8.5.4}% 110
\BOOKMARK [3][-]{subsubsection.8.5.4.22}{\376\377\0008\000.\0005\000.\0004\000.\0002\0002\000\040\000o\000p\000e\000r\000a\000t\000o\000r\000=\000\050\000\051\000\040\000[\0004\000/\0006\000]}{subsection.8.5.4}% 111
\BOOKMARK [3][-]{subsubsection.8.5.4.23}{\376\377\0008\000.\0005\000.\0004\000.\0002\0003\000\040\000o\000p\000e\000r\000a\000t\000o\000r\000=\000\050\000\051\000\040\000[\0005\000/\0006\000]}{subsection.8.5.4}% 112
\BOOKMARK [3][-]{subsubsection.8.5.4.24}{\376\377\0008\000.\0005\000.\0004\000.\0002\0004\000\040\000o\000p\000e\000r\000a\000t\000o\000r\000=\000\050\000\051\000\040\000[\0006\000/\0006\000]}{subsection.8.5.4}% 113
\BOOKMARK [3][-]{subsubsection.8.5.4.25}{\376\377\0008\000.\0005\000.\0004\000.\0002\0005\000\040\000o\000p\000e\000r\000a\000t\000o\000r\000[\000]\000\050\000\051\000\040\000[\0001\000/\0002\000]}{subsection.8.5.4}% 114
\BOOKMARK [3][-]{subsubsection.8.5.4.26}{\376\377\0008\000.\0005\000.\0004\000.\0002\0006\000\040\000o\000p\000e\000r\000a\000t\000o\000r\000[\000]\000\050\000\051\000\040\000[\0002\000/\0002\000]}{subsection.8.5.4}% 115
\BOOKMARK [3][-]{subsubsection.8.5.4.27}{\376\377\0008\000.\0005\000.\0004\000.\0002\0007\000\040\000S\000e\000t\000T\000y\000p\000e\000\050\000\051}{subsection.8.5.4}% 116
\BOOKMARK [3][-]{subsubsection.8.5.4.28}{\376\377\0008\000.\0005\000.\0004\000.\0002\0008\000\040\000s\000i\000z\000e\000\050\000\051}{subsection.8.5.4}% 117
\BOOKMARK [3][-]{subsubsection.8.5.4.29}{\376\377\0008\000.\0005\000.\0004\000.\0002\0009\000\040\000T\000o\000B\000o\000o\000l\000\050\000\051\000\040\000[\0001\000/\0002\000]}{subsection.8.5.4}% 118
\BOOKMARK [3][-]{subsubsection.8.5.4.30}{\376\377\0008\000.\0005\000.\0004\000.\0003\0000\000\040\000T\000o\000B\000o\000o\000l\000\050\000\051\000\040\000[\0002\000/\0002\000]}{subsection.8.5.4}% 119
\BOOKMARK [3][-]{subsubsection.8.5.4.31}{\376\377\0008\000.\0005\000.\0004\000.\0003\0001\000\040\000T\000o\000F\000l\000o\000a\000t\000\050\000\051\000\040\000[\0001\000/\0002\000]}{subsection.8.5.4}% 120
\BOOKMARK [3][-]{subsubsection.8.5.4.32}{\376\377\0008\000.\0005\000.\0004\000.\0003\0002\000\040\000T\000o\000F\000l\000o\000a\000t\000\050\000\051\000\040\000[\0002\000/\0002\000]}{subsection.8.5.4}% 121
\BOOKMARK [3][-]{subsubsection.8.5.4.33}{\376\377\0008\000.\0005\000.\0004\000.\0003\0003\000\040\000T\000o\000I\000n\000t\000\050\000\051\000\040\000[\0001\000/\0002\000]}{subsection.8.5.4}% 122
\BOOKMARK [3][-]{subsubsection.8.5.4.34}{\376\377\0008\000.\0005\000.\0004\000.\0003\0004\000\040\000T\000o\000I\000n\000t\000\050\000\051\000\040\000[\0002\000/\0002\000]}{subsection.8.5.4}% 123
\BOOKMARK [3][-]{subsubsection.8.5.4.35}{\376\377\0008\000.\0005\000.\0004\000.\0003\0005\000\040\000T\000o\000S\000t\000r\000i\000n\000g\000\050\000\051\000\040\000[\0001\000/\0002\000]}{subsection.8.5.4}% 124
\BOOKMARK [3][-]{subsubsection.8.5.4.36}{\376\377\0008\000.\0005\000.\0004\000.\0003\0006\000\040\000T\000o\000S\000t\000r\000i\000n\000g\000\050\000\051\000\040\000[\0002\000/\0002\000]}{subsection.8.5.4}% 125
\BOOKMARK [2][-]{subsection.8.5.5}{\376\377\0008\000.\0005\000.\0005\000\040\000F\000r\000i\000e\000n\000d\000s\000\040\000A\000n\000d\000\040\000R\000e\000l\000a\000t\000e\000d\000\040\000F\000u\000n\000c\000t\000i\000o\000n\000\040\000D\000o\000c\000u\000m\000e\000n\000t\000a\000t\000i\000o\000n}{section.8.5}% 126
\BOOKMARK [3][-]{subsubsection.8.5.5.1}{\376\377\0008\000.\0005\000.\0005\000.\0001\000\040\000o\000p\000e\000r\000a\000t\000o\000r\000<\000<}{subsection.8.5.5}% 127
\BOOKMARK [2][-]{subsection.8.5.6}{\376\377\0008\000.\0005\000.\0006\000\040\000F\000i\000e\000l\000d\000\040\000D\000o\000c\000u\000m\000e\000n\000t\000a\000t\000i\000o\000n}{section.8.5}% 128
\BOOKMARK [3][-]{subsubsection.8.5.6.1}{\376\377\0008\000.\0005\000.\0006\000.\0001\000\040\000I\000n\000t\000e\000r\000n\000a\000l}{subsection.8.5.6}% 129
\BOOKMARK [3][-]{subsubsection.8.5.6.2}{\376\377\0008\000.\0005\000.\0006\000.\0002\000\040\000T\000y\000p\000e}{subsection.8.5.6}% 130
\BOOKMARK [1][-]{section.8.6}{\376\377\0008\000.\0006\000\040\000J\000S\000O\000N\000\040\000C\000l\000a\000s\000s\000\040\000R\000e\000f\000e\000r\000e\000n\000c\000e}{chapter.8}% 131
\BOOKMARK [2][-]{subsection.8.6.1}{\376\377\0008\000.\0006\000.\0001\000\040\000D\000e\000t\000a\000i\000l\000e\000d\000\040\000D\000e\000s\000c\000r\000i\000p\000t\000i\000o\000n}{section.8.6}% 132
\BOOKMARK [2][-]{subsection.8.6.2}{\376\377\0008\000.\0006\000.\0002\000\040\000C\000o\000n\000s\000t\000r\000u\000c\000t\000o\000r\000\040\000\046\000\040\000D\000e\000s\000t\000r\000u\000c\000t\000o\000r\000\040\000D\000o\000c\000u\000m\000e\000n\000t\000a\000t\000i\000o\000n}{section.8.6}% 133
\BOOKMARK [3][-]{subsubsection.8.6.2.1}{\376\377\0008\000.\0006\000.\0002\000.\0001\000\040\000J\000S\000O\000N\000\050\000\051}{subsection.8.6.2}% 134
\BOOKMARK [2][-]{subsection.8.6.3}{\376\377\0008\000.\0006\000.\0003\000\040\000M\000e\000m\000b\000e\000r\000\040\000F\000u\000n\000c\000t\000i\000o\000n\000\040\000D\000o\000c\000u\000m\000e\000n\000t\000a\000t\000i\000o\000n}{section.8.6}% 135
\BOOKMARK [3][-]{subsubsection.8.6.3.1}{\376\377\0008\000.\0006\000.\0003\000.\0001\000\040\000o\000p\000e\000r\000a\000t\000o\000r\000\040\000s\000t\000d\000:\000:\000s\000t\000r\000i\000n\000g\000\050\000\051}{subsection.8.6.3}% 136
\BOOKMARK [2][-]{subsection.8.6.4}{\376\377\0008\000.\0006\000.\0004\000\040\000F\000r\000i\000e\000n\000d\000s\000\040\000A\000n\000d\000\040\000R\000e\000l\000a\000t\000e\000d\000\040\000F\000u\000n\000c\000t\000i\000o\000n\000\040\000D\000o\000c\000u\000m\000e\000n\000t\000a\000t\000i\000o\000n}{section.8.6}% 137
\BOOKMARK [3][-]{subsubsection.8.6.4.1}{\376\377\0008\000.\0006\000.\0004\000.\0001\000\040\000o\000p\000e\000r\000a\000t\000o\000r\000<\000<}{subsection.8.6.4}% 138
\BOOKMARK [2][-]{subsection.8.6.5}{\376\377\0008\000.\0006\000.\0005\000\040\000F\000i\000e\000l\000d\000\040\000D\000o\000c\000u\000m\000e\000n\000t\000a\000t\000i\000o\000n}{section.8.6}% 139
\BOOKMARK [3][-]{subsubsection.8.6.5.1}{\376\377\0008\000.\0006\000.\0005\000.\0001\000\040\000c\000o\000n\000t\000e\000n\000t}{subsection.8.6.5}% 140
\BOOKMARK [1][-]{section.8.7}{\376\377\0008\000.\0007\000\040\000J\000S\000O\000N\000A\000r\000r\000a\000y\000\040\000C\000l\000a\000s\000s\000\040\000R\000e\000f\000e\000r\000e\000n\000c\000e}{chapter.8}% 141
\BOOKMARK [2][-]{subsection.8.7.1}{\376\377\0008\000.\0007\000.\0001\000\040\000D\000e\000t\000a\000i\000l\000e\000d\000\040\000D\000e\000s\000c\000r\000i\000p\000t\000i\000o\000n}{section.8.7}% 142
\BOOKMARK [2][-]{subsection.8.7.2}{\376\377\0008\000.\0007\000.\0002\000\040\000C\000o\000n\000s\000t\000r\000u\000c\000t\000o\000r\000\040\000\046\000\040\000D\000e\000s\000t\000r\000u\000c\000t\000o\000r\000\040\000D\000o\000c\000u\000m\000e\000n\000t\000a\000t\000i\000o\000n}{section.8.7}% 143
\BOOKMARK [3][-]{subsubsection.8.7.2.1}{\376\377\0008\000.\0007\000.\0002\000.\0001\000\040\000J\000S\000O\000N\000A\000r\000r\000a\000y\000\050\000\051}{subsection.8.7.2}% 144
\BOOKMARK [2][-]{subsection.8.7.3}{\376\377\0008\000.\0007\000.\0003\000\040\000M\000e\000m\000b\000e\000r\000\040\000F\000u\000n\000c\000t\000i\000o\000n\000\040\000D\000o\000c\000u\000m\000e\000n\000t\000a\000t\000i\000o\000n}{section.8.7}% 145
\BOOKMARK [3][-]{subsubsection.8.7.3.1}{\376\377\0008\000.\0007\000.\0003\000.\0001\000\040\000o\000p\000e\000r\000a\000t\000o\000r\000[\000]\000\050\000\051}{subsection.8.7.3}% 146
\BOOKMARK [3][-]{subsubsection.8.7.3.2}{\376\377\0008\000.\0007\000.\0003\000.\0002\000\040\000s\000e\000t\000\050\000\051\000\040\000[\0001\000/\0004\000]}{subsection.8.7.3}% 147
\BOOKMARK [3][-]{subsubsection.8.7.3.3}{\376\377\0008\000.\0007\000.\0003\000.\0003\000\040\000s\000e\000t\000\050\000\051\000\040\000[\0002\000/\0004\000]}{subsection.8.7.3}% 148
\BOOKMARK [3][-]{subsubsection.8.7.3.4}{\376\377\0008\000.\0007\000.\0003\000.\0004\000\040\000s\000e\000t\000\050\000\051\000\040\000[\0003\000/\0004\000]}{subsection.8.7.3}% 149
\BOOKMARK [3][-]{subsubsection.8.7.3.5}{\376\377\0008\000.\0007\000.\0003\000.\0005\000\040\000s\000e\000t\000\050\000\051\000\040\000[\0004\000/\0004\000]}{subsection.8.7.3}% 150
\BOOKMARK [1][-]{section.8.8}{\376\377\0008\000.\0008\000\040\000j\000s\000o\000n\000:\000:\000J\000S\000O\000N\000:\000:\000J\000S\000O\000N\000C\000o\000n\000s\000t\000W\000r\000a\000p\000p\000e\000r\000<\000\040\000C\000o\000n\000t\000a\000i\000n\000e\000r\000\040\000>\000\040\000C\000l\000a\000s\000s\000\040\000T\000e\000m\000p\000l\000a\000t\000e\000\040\000R\000e\000f\000e\000r\000e\000n\000c\000e}{chapter.8}% 151
\BOOKMARK [2][-]{subsection.8.8.1}{\376\377\0008\000.\0008\000.\0001\000\040\000D\000e\000t\000a\000i\000l\000e\000d\000\040\000D\000e\000s\000c\000r\000i\000p\000t\000i\000o\000n}{section.8.8}% 152
\BOOKMARK [2][-]{subsection.8.8.2}{\376\377\0008\000.\0008\000.\0002\000\040\000C\000o\000n\000s\000t\000r\000u\000c\000t\000o\000r\000\040\000\046\000\040\000D\000e\000s\000t\000r\000u\000c\000t\000o\000r\000\040\000D\000o\000c\000u\000m\000e\000n\000t\000a\000t\000i\000o\000n}{section.8.8}% 153
\BOOKMARK [3][-]{subsubsection.8.8.2.1}{\376\377\0008\000.\0008\000.\0002\000.\0001\000\040\000J\000S\000O\000N\000C\000o\000n\000s\000t\000W\000r\000a\000p\000p\000e\000r\000\050\000\051\000\040\000[\0001\000/\0002\000]}{subsection.8.8.2}% 154
\BOOKMARK [3][-]{subsubsection.8.8.2.2}{\376\377\0008\000.\0008\000.\0002\000.\0002\000\040\000J\000S\000O\000N\000C\000o\000n\000s\000t\000W\000r\000a\000p\000p\000e\000r\000\050\000\051\000\040\000[\0002\000/\0002\000]}{subsection.8.8.2}% 155
\BOOKMARK [2][-]{subsection.8.8.3}{\376\377\0008\000.\0008\000.\0003\000\040\000M\000e\000m\000b\000e\000r\000\040\000F\000u\000n\000c\000t\000i\000o\000n\000\040\000D\000o\000c\000u\000m\000e\000n\000t\000a\000t\000i\000o\000n}{section.8.8}% 156
\BOOKMARK [3][-]{subsubsection.8.8.3.1}{\376\377\0008\000.\0008\000.\0003\000.\0001\000\040\000b\000e\000g\000i\000n\000\050\000\051}{subsection.8.8.3}% 157
\BOOKMARK [3][-]{subsubsection.8.8.3.2}{\376\377\0008\000.\0008\000.\0003\000.\0002\000\040\000e\000n\000d\000\050\000\051}{subsection.8.8.3}% 158
\BOOKMARK [2][-]{subsection.8.8.4}{\376\377\0008\000.\0008\000.\0004\000\040\000F\000i\000e\000l\000d\000\040\000D\000o\000c\000u\000m\000e\000n\000t\000a\000t\000i\000o\000n}{section.8.8}% 159
\BOOKMARK [3][-]{subsubsection.8.8.4.1}{\376\377\0008\000.\0008\000.\0004\000.\0001\000\040\000o\000b\000j\000e\000c\000t}{subsection.8.8.4}% 160
\BOOKMARK [1][-]{section.8.9}{\376\377\0008\000.\0009\000\040\000J\000S\000O\000N\000O\000b\000j\000e\000c\000t\000\040\000C\000l\000a\000s\000s\000\040\000R\000e\000f\000e\000r\000e\000n\000c\000e}{chapter.8}% 161
\BOOKMARK [2][-]{subsection.8.9.1}{\376\377\0008\000.\0009\000.\0001\000\040\000D\000e\000t\000a\000i\000l\000e\000d\000\040\000D\000e\000s\000c\000r\000i\000p\000t\000i\000o\000n}{section.8.9}% 162
\BOOKMARK [2][-]{subsection.8.9.2}{\376\377\0008\000.\0009\000.\0002\000\040\000C\000o\000n\000s\000t\000r\000u\000c\000t\000o\000r\000\040\000\046\000\040\000D\000e\000s\000t\000r\000u\000c\000t\000o\000r\000\040\000D\000o\000c\000u\000m\000e\000n\000t\000a\000t\000i\000o\000n}{section.8.9}% 163
\BOOKMARK [3][-]{subsubsection.8.9.2.1}{\376\377\0008\000.\0009\000.\0002\000.\0001\000\040\000J\000S\000O\000N\000O\000b\000j\000e\000c\000t\000\050\000\051}{subsection.8.9.2}% 164
\BOOKMARK [2][-]{subsection.8.9.3}{\376\377\0008\000.\0009\000.\0003\000\040\000M\000e\000m\000b\000e\000r\000\040\000F\000u\000n\000c\000t\000i\000o\000n\000\040\000D\000o\000c\000u\000m\000e\000n\000t\000a\000t\000i\000o\000n}{section.8.9}% 165
\BOOKMARK [3][-]{subsubsection.8.9.3.1}{\376\377\0008\000.\0009\000.\0003\000.\0001\000\040\000g\000e\000t\000\050\000\051}{subsection.8.9.3}% 166
\BOOKMARK [3][-]{subsubsection.8.9.3.2}{\376\377\0008\000.\0009\000.\0003\000.\0002\000\040\000o\000p\000e\000r\000a\000t\000o\000r\000\040\000i\000n\000t\000\050\000\051}{subsection.8.9.3}% 167
\BOOKMARK [3][-]{subsubsection.8.9.3.3}{\376\377\0008\000.\0009\000.\0003\000.\0003\000\040\000o\000p\000e\000r\000a\000t\000o\000r\000[\000]\000\050\000\051}{subsection.8.9.3}% 168
\BOOKMARK [3][-]{subsubsection.8.9.3.4}{\376\377\0008\000.\0009\000.\0003\000.\0004\000\040\000p\000u\000t\000\050\000\051\000\040\000[\0001\000/\0004\000]}{subsection.8.9.3}% 169
\BOOKMARK [3][-]{subsubsection.8.9.3.5}{\376\377\0008\000.\0009\000.\0003\000.\0005\000\040\000p\000u\000t\000\050\000\051\000\040\000[\0002\000/\0004\000]}{subsection.8.9.3}% 170
\BOOKMARK [3][-]{subsubsection.8.9.3.6}{\376\377\0008\000.\0009\000.\0003\000.\0006\000\040\000p\000u\000t\000\050\000\051\000\040\000[\0003\000/\0004\000]}{subsection.8.9.3}% 171
\BOOKMARK [3][-]{subsubsection.8.9.3.7}{\376\377\0008\000.\0009\000.\0003\000.\0007\000\040\000p\000u\000t\000\050\000\051\000\040\000[\0004\000/\0004\000]}{subsection.8.9.3}% 172
\BOOKMARK [3][-]{subsubsection.8.9.3.8}{\376\377\0008\000.\0009\000.\0003\000.\0008\000\040\000t\000o\000A\000r\000r\000\050\000\051}{subsection.8.9.3}% 173
\BOOKMARK [1][-]{section.8.10}{\376\377\0008\000.\0001\0000\000\040\000j\000s\000o\000n\000:\000:\000J\000S\000O\000N\000:\000:\000J\000S\000O\000N\000W\000r\000a\000p\000p\000e\000r\000<\000\040\000C\000o\000n\000t\000a\000i\000n\000e\000r\000\040\000>\000\040\000C\000l\000a\000s\000s\000\040\000T\000e\000m\000p\000l\000a\000t\000e\000\040\000R\000e\000f\000e\000r\000e\000n\000c\000e}{chapter.8}% 174
\BOOKMARK [2][-]{subsection.8.10.1}{\376\377\0008\000.\0001\0000\000.\0001\000\040\000D\000e\000t\000a\000i\000l\000e\000d\000\040\000D\000e\000s\000c\000r\000i\000p\000t\000i\000o\000n}{section.8.10}% 175
\BOOKMARK [2][-]{subsection.8.10.2}{\376\377\0008\000.\0001\0000\000.\0002\000\040\000C\000o\000n\000s\000t\000r\000u\000c\000t\000o\000r\000\040\000\046\000\040\000D\000e\000s\000t\000r\000u\000c\000t\000o\000r\000\040\000D\000o\000c\000u\000m\000e\000n\000t\000a\000t\000i\000o\000n}{section.8.10}% 176
\BOOKMARK [3][-]{subsubsection.8.10.2.1}{\376\377\0008\000.\0001\0000\000.\0002\000.\0001\000\040\000J\000S\000O\000N\000W\000r\000a\000p\000p\000e\000r\000\050\000\051\000\040\000[\0001\000/\0002\000]}{subsection.8.10.2}% 177
\BOOKMARK [3][-]{subsubsection.8.10.2.2}{\376\377\0008\000.\0001\0000\000.\0002\000.\0002\000\040\000J\000S\000O\000N\000W\000r\000a\000p\000p\000e\000r\000\050\000\051\000\040\000[\0002\000/\0002\000]}{subsection.8.10.2}% 178
\BOOKMARK [2][-]{subsection.8.10.3}{\376\377\0008\000.\0001\0000\000.\0003\000\040\000M\000e\000m\000b\000e\000r\000\040\000F\000u\000n\000c\000t\000i\000o\000n\000\040\000D\000o\000c\000u\000m\000e\000n\000t\000a\000t\000i\000o\000n}{section.8.10}% 179
\BOOKMARK [3][-]{subsubsection.8.10.3.1}{\376\377\0008\000.\0001\0000\000.\0003\000.\0001\000\040\000b\000e\000g\000i\000n\000\050\000\051\000\040\000[\0001\000/\0002\000]}{subsection.8.10.3}% 180
\BOOKMARK [3][-]{subsubsection.8.10.3.2}{\376\377\0008\000.\0001\0000\000.\0003\000.\0002\000\040\000b\000e\000g\000i\000n\000\050\000\051\000\040\000[\0002\000/\0002\000]}{subsection.8.10.3}% 181
\BOOKMARK [3][-]{subsubsection.8.10.3.3}{\376\377\0008\000.\0001\0000\000.\0003\000.\0003\000\040\000e\000n\000d\000\050\000\051\000\040\000[\0001\000/\0002\000]}{subsection.8.10.3}% 182
\BOOKMARK [3][-]{subsubsection.8.10.3.4}{\376\377\0008\000.\0001\0000\000.\0003\000.\0004\000\040\000e\000n\000d\000\050\000\051\000\040\000[\0002\000/\0002\000]}{subsection.8.10.3}% 183
\BOOKMARK [2][-]{subsection.8.10.4}{\376\377\0008\000.\0001\0000\000.\0004\000\040\000F\000i\000e\000l\000d\000\040\000D\000o\000c\000u\000m\000e\000n\000t\000a\000t\000i\000o\000n}{section.8.10}% 184
\BOOKMARK [3][-]{subsubsection.8.10.4.1}{\376\377\0008\000.\0001\0000\000.\0004\000.\0001\000\040\000o\000b\000j\000e\000c\000t}{subsection.8.10.4}% 185
\BOOKMARK [1][-]{section.8.11}{\376\377\0008\000.\0001\0001\000\040\000M\000e\000m\000o\000r\000y\000\040\000C\000l\000a\000s\000s\000\040\000R\000e\000f\000e\000r\000e\000n\000c\000e}{chapter.8}% 186
\BOOKMARK [2][-]{subsection.8.11.1}{\376\377\0008\000.\0001\0001\000.\0001\000\040\000D\000e\000t\000a\000i\000l\000e\000d\000\040\000D\000e\000s\000c\000r\000i\000p\000t\000i\000o\000n}{section.8.11}% 187
\BOOKMARK [2][-]{subsection.8.11.2}{\376\377\0008\000.\0001\0001\000.\0002\000\040\000C\000o\000n\000s\000t\000r\000u\000c\000t\000o\000r\000\040\000\046\000\040\000D\000e\000s\000t\000r\000u\000c\000t\000o\000r\000\040\000D\000o\000c\000u\000m\000e\000n\000t\000a\000t\000i\000o\000n}{section.8.11}% 188
\BOOKMARK [3][-]{subsubsection.8.11.2.1}{\376\377\0008\000.\0001\0001\000.\0002\000.\0001\000\040\000M\000e\000m\000o\000r\000y\000\050\000\051\000\040\000[\0001\000/\0002\000]}{subsection.8.11.2}% 189
\BOOKMARK [3][-]{subsubsection.8.11.2.2}{\376\377\0008\000.\0001\0001\000.\0002\000.\0002\000\040\000\040\000M\000e\000m\000o\000r\000y\000\050\000\051}{subsection.8.11.2}% 190
\BOOKMARK [3][-]{subsubsection.8.11.2.3}{\376\377\0008\000.\0001\0001\000.\0002\000.\0003\000\040\000M\000e\000m\000o\000r\000y\000\050\000\051\000\040\000[\0002\000/\0002\000]}{subsection.8.11.2}% 191
\BOOKMARK [2][-]{subsection.8.11.3}{\376\377\0008\000.\0001\0001\000.\0003\000\040\000M\000e\000m\000b\000e\000r\000\040\000F\000u\000n\000c\000t\000i\000o\000n\000\040\000D\000o\000c\000u\000m\000e\000n\000t\000a\000t\000i\000o\000n}{section.8.11}% 192
\BOOKMARK [3][-]{subsubsection.8.11.3.1}{\376\377\0008\000.\0001\0001\000.\0003\000.\0001\000\040\000g\000e\000t\000S\000i\000z\000e\000\050\000\051}{subsection.8.11.3}% 193
\BOOKMARK [3][-]{subsubsection.8.11.3.2}{\376\377\0008\000.\0001\0001\000.\0003\000.\0002\000\040\000r\000e\000a\000d\000\050\000\051}{subsection.8.11.3}% 194
\BOOKMARK [3][-]{subsubsection.8.11.3.3}{\376\377\0008\000.\0001\0001\000.\0003\000.\0003\000\040\000s\000h\000i\000f\000t\000L\000e\000f\000t\000\050\000\051}{subsection.8.11.3}% 195
\BOOKMARK [3][-]{subsubsection.8.11.3.4}{\376\377\0008\000.\0001\0001\000.\0003\000.\0004\000\040\000s\000h\000i\000f\000t\000R\000i\000g\000h\000t\000\050\000\051}{subsection.8.11.3}% 196
\BOOKMARK [3][-]{subsubsection.8.11.3.5}{\376\377\0008\000.\0001\0001\000.\0003\000.\0005\000\040\000w\000r\000i\000t\000e\000\050\000\051}{subsection.8.11.3}% 197
\BOOKMARK [2][-]{subsection.8.11.4}{\376\377\0008\000.\0001\0001\000.\0004\000\040\000F\000i\000e\000l\000d\000\040\000D\000o\000c\000u\000m\000e\000n\000t\000a\000t\000i\000o\000n}{section.8.11}% 198
\BOOKMARK [3][-]{subsubsection.8.11.4.1}{\376\377\0008\000.\0001\0001\000.\0004\000.\0001\000\040\000s\000i\000z\000e}{subsection.8.11.4}% 199
\BOOKMARK [3][-]{subsubsection.8.11.4.2}{\376\377\0008\000.\0001\0001\000.\0004\000.\0002\000\040\000s\000p\000e\000i\000c\000h\000e\000r\000B\000e\000r\000e\000i\000c\000h}{subsection.8.11.4}% 200
\BOOKMARK [1][-]{section.8.12}{\376\377\0008\000.\0001\0002\000\040\000S\000i\000m\000p\000l\000e\000I\000n\000s\000t\000r\000u\000k\000t\000i\000o\000n\000\040\000C\000l\000a\000s\000s\000\040\000R\000e\000f\000e\000r\000e\000n\000c\000e}{chapter.8}% 201
\BOOKMARK [2][-]{subsection.8.12.1}{\376\377\0008\000.\0001\0002\000.\0001\000\040\000D\000e\000t\000a\000i\000l\000e\000d\000\040\000D\000e\000s\000c\000r\000i\000p\000t\000i\000o\000n}{section.8.12}% 202
\BOOKMARK [2][-]{subsection.8.12.2}{\376\377\0008\000.\0001\0002\000.\0002\000\040\000C\000o\000n\000s\000t\000r\000u\000c\000t\000o\000r\000\040\000\046\000\040\000D\000e\000s\000t\000r\000u\000c\000t\000o\000r\000\040\000D\000o\000c\000u\000m\000e\000n\000t\000a\000t\000i\000o\000n}{section.8.12}% 203
\BOOKMARK [3][-]{subsubsection.8.12.2.1}{\376\377\0008\000.\0001\0002\000.\0002\000.\0001\000\040\000S\000i\000m\000p\000l\000e\000I\000n\000s\000t\000r\000u\000k\000t\000i\000o\000n\000\050\000\051}{subsection.8.12.2}% 204
\BOOKMARK [2][-]{subsection.8.12.3}{\376\377\0008\000.\0001\0002\000.\0003\000\040\000M\000e\000m\000b\000e\000r\000\040\000F\000u\000n\000c\000t\000i\000o\000n\000\040\000D\000o\000c\000u\000m\000e\000n\000t\000a\000t\000i\000o\000n}{section.8.12}% 205
\BOOKMARK [3][-]{subsubsection.8.12.3.1}{\376\377\0008\000.\0001\0002\000.\0003\000.\0001\000\040\000p\000r\000i\000n\000t\000\050\000\051}{subsection.8.12.3}% 206
\BOOKMARK [3][-]{subsubsection.8.12.3.2}{\376\377\0008\000.\0001\0002\000.\0003\000.\0002\000\040\000r\000u\000n\000\050\000\051}{subsection.8.12.3}% 207
\BOOKMARK [2][-]{subsection.8.12.4}{\376\377\0008\000.\0001\0002\000.\0004\000\040\000F\000i\000e\000l\000d\000\040\000D\000o\000c\000u\000m\000e\000n\000t\000a\000t\000i\000o\000n}{section.8.12}% 208
\BOOKMARK [3][-]{subsubsection.8.12.4.1}{\376\377\0008\000.\0001\0002\000.\0004\000.\0001\000\040\000f\000u\000n\000c\000t\000i\000o\000n}{subsection.8.12.4}% 209
\BOOKMARK [3][-]{subsubsection.8.12.4.2}{\376\377\0008\000.\0001\0002\000.\0004\000.\0002\000\040\000p\000a\000r\000a\000m\0001}{subsection.8.12.4}% 210
\BOOKMARK [3][-]{subsubsection.8.12.4.3}{\376\377\0008\000.\0001\0002\000.\0004\000.\0003\000\040\000p\000a\000r\000a\000m\0002}{subsection.8.12.4}% 211
\BOOKMARK [3][-]{subsubsection.8.12.4.4}{\376\377\0008\000.\0001\0002\000.\0004\000.\0004\000\040\000r\000e\000p\000r\000e\000s\000e\000n\000t\000a\000t\000i\000o\000n}{subsection.8.12.4}% 212
\BOOKMARK [1][-]{section.8.13}{\376\377\0008\000.\0001\0003\000\040\000S\000p\000r\000a\000c\000h\000e\000\040\000C\000l\000a\000s\000s\000\040\000R\000e\000f\000e\000r\000e\000n\000c\000e}{chapter.8}% 213
\BOOKMARK [2][-]{subsection.8.13.1}{\376\377\0008\000.\0001\0003\000.\0001\000\040\000D\000e\000t\000a\000i\000l\000e\000d\000\040\000D\000e\000s\000c\000r\000i\000p\000t\000i\000o\000n}{section.8.13}% 214
\BOOKMARK [2][-]{subsection.8.13.2}{\376\377\0008\000.\0001\0003\000.\0002\000\040\000C\000o\000n\000s\000t\000r\000u\000c\000t\000o\000r\000\040\000\046\000\040\000D\000e\000s\000t\000r\000u\000c\000t\000o\000r\000\040\000D\000o\000c\000u\000m\000e\000n\000t\000a\000t\000i\000o\000n}{section.8.13}% 215
\BOOKMARK [3][-]{subsubsection.8.13.2.1}{\376\377\0008\000.\0001\0003\000.\0002\000.\0001\000\040\000S\000p\000r\000a\000c\000h\000e\000\050\000\051}{subsection.8.13.2}% 216
\BOOKMARK [2][-]{subsection.8.13.3}{\376\377\0008\000.\0001\0003\000.\0003\000\040\000M\000e\000m\000b\000e\000r\000\040\000F\000u\000n\000c\000t\000i\000o\000n\000\040\000D\000o\000c\000u\000m\000e\000n\000t\000a\000t\000i\000o\000n}{section.8.13}% 217
\BOOKMARK [3][-]{subsubsection.8.13.3.1}{\376\377\0008\000.\0001\0003\000.\0003\000.\0001\000\040\000p\000r\000i\000n\000t\000\050\000\051}{subsection.8.13.3}% 218
\BOOKMARK [2][-]{subsection.8.13.4}{\376\377\0008\000.\0001\0003\000.\0004\000\040\000F\000i\000e\000l\000d\000\040\000D\000o\000c\000u\000m\000e\000n\000t\000a\000t\000i\000o\000n}{section.8.13}% 219
\BOOKMARK [3][-]{subsubsection.8.13.4.1}{\376\377\0008\000.\0001\0003\000.\0004\000.\0001\000\040\000i\000n\000s\000t\000r\000u\000c\000t\000i\000o\000n\000s}{subsection.8.13.4}% 220
\BOOKMARK [3][-]{subsubsection.8.13.4.2}{\376\377\0008\000.\0001\0003\000.\0004\000.\0002\000\040\000l\000a\000n\000g\000u\000a\000g\000e\000E\000l\000e\000m\000e\000n\000t\000s}{subsection.8.13.4}% 221
\BOOKMARK [1][-]{section.8.14}{\376\377\0008\000.\0001\0004\000\040\000V\000i\000r\000t\000u\000a\000l\000M\000a\000c\000h\000i\000n\000e\000\040\000C\000l\000a\000s\000s\000\040\000R\000e\000f\000e\000r\000e\000n\000c\000e}{chapter.8}% 222
\BOOKMARK [2][-]{subsection.8.14.1}{\376\377\0008\000.\0001\0004\000.\0001\000\040\000D\000e\000t\000a\000i\000l\000e\000d\000\040\000D\000e\000s\000c\000r\000i\000p\000t\000i\000o\000n}{section.8.14}% 223
\BOOKMARK [2][-]{subsection.8.14.2}{\376\377\0008\000.\0001\0004\000.\0002\000\040\000C\000o\000n\000s\000t\000r\000u\000c\000t\000o\000r\000\040\000\046\000\040\000D\000e\000s\000t\000r\000u\000c\000t\000o\000r\000\040\000D\000o\000c\000u\000m\000e\000n\000t\000a\000t\000i\000o\000n}{section.8.14}% 224
\BOOKMARK [3][-]{subsubsection.8.14.2.1}{\376\377\0008\000.\0001\0004\000.\0002\000.\0001\000\040\000V\000i\000r\000t\000u\000a\000l\000M\000a\000c\000h\000i\000n\000e\000\050\000\051}{subsection.8.14.2}% 225
\BOOKMARK [2][-]{subsection.8.14.3}{\376\377\0008\000.\0001\0004\000.\0003\000\040\000M\000e\000m\000b\000e\000r\000\040\000F\000u\000n\000c\000t\000i\000o\000n\000\040\000D\000o\000c\000u\000m\000e\000n\000t\000a\000t\000i\000o\000n}{section.8.14}% 226
\BOOKMARK [3][-]{subsubsection.8.14.3.1}{\376\377\0008\000.\0001\0004\000.\0003\000.\0001\000\040\000a\000d\000d\000S\000u\000b\000r\000o\000u\000t\000i\000n\000e\000\050\000\051}{subsection.8.14.3}% 227
\BOOKMARK [3][-]{subsubsection.8.14.3.2}{\376\377\0008\000.\0001\0004\000.\0003\000.\0002\000\040\000g\000e\000t\000P\000t\000r\000\050\000\051}{subsection.8.14.3}% 228
\BOOKMARK [3][-]{subsubsection.8.14.3.3}{\376\377\0008\000.\0001\0004\000.\0003\000.\0003\000\040\000g\000e\000t\000R\000e\000f\000e\000r\000e\000n\000c\000e\000\050\000\051}{subsection.8.14.3}% 229
\BOOKMARK [3][-]{subsubsection.8.14.3.4}{\376\377\0008\000.\0001\0004\000.\0003\000.\0004\000\040\000g\000e\000t\000V\000a\000l\000u\000e\000\050\000\051}{subsection.8.14.3}% 230
\BOOKMARK [3][-]{subsubsection.8.14.3.5}{\376\377\0008\000.\0001\0004\000.\0003\000.\0005\000\040\000p\000o\000p\000V\000a\000l\000u\000e\000\050\000\051}{subsection.8.14.3}% 231
\BOOKMARK [3][-]{subsubsection.8.14.3.6}{\376\377\0008\000.\0001\0004\000.\0003\000.\0006\000\040\000p\000u\000s\000h\000V\000a\000l\000u\000e\000\050\000\051}{subsection.8.14.3}% 232
\BOOKMARK [3][-]{subsubsection.8.14.3.7}{\376\377\0008\000.\0001\0004\000.\0003\000.\0007\000\040\000r\000e\000R\000u\000n\000A\000l\000l\000\050\000\051}{subsection.8.14.3}% 233
\BOOKMARK [3][-]{subsubsection.8.14.3.8}{\376\377\0008\000.\0001\0004\000.\0003\000.\0008\000\040\000r\000u\000n\000I\000n\000s\000t\000r\000u\000c\000t\000i\000o\000n\000\050\000\051}{subsection.8.14.3}% 234
\BOOKMARK [3][-]{subsubsection.8.14.3.9}{\376\377\0008\000.\0001\0004\000.\0003\000.\0009\000\040\000r\000u\000n\000S\000u\000b\000r\000o\000u\000t\000i\000n\000e\000\050\000\051}{subsection.8.14.3}% 235
\BOOKMARK [2][-]{subsection.8.14.4}{\376\377\0008\000.\0001\0004\000.\0004\000\040\000F\000i\000e\000l\000d\000\040\000D\000o\000c\000u\000m\000e\000n\000t\000a\000t\000i\000o\000n}{section.8.14}% 236
\BOOKMARK [3][-]{subsubsection.8.14.4.1}{\376\377\0008\000.\0001\0004\000.\0004\000.\0001\000\040\000f\000u\000n\000c\000t\000i\000o\000n\000s}{subsection.8.14.4}% 237
\BOOKMARK [3][-]{subsubsection.8.14.4.2}{\376\377\0008\000.\0001\0004\000.\0004\000.\0002\000\040\000g\000e\000n\000e\000r\000a\000l\000R\000e\000g\000i\000s\000t\000e\000r\000A\000r\000r\000a\000y}{subsection.8.14.4}% 238
\BOOKMARK [3][-]{subsubsection.8.14.4.3}{\376\377\0008\000.\0001\0004\000.\0004\000.\0003\000\040\000l\000a\000b\000e\000l\000s}{subsection.8.14.4}% 239
\BOOKMARK [3][-]{subsubsection.8.14.4.4}{\376\377\0008\000.\0001\0004\000.\0004\000.\0004\000\040\000l\000a\000n\000g\000u\000a\000g\000e}{subsection.8.14.4}% 240
\BOOKMARK [3][-]{subsubsection.8.14.4.5}{\376\377\0008\000.\0001\0004\000.\0004\000.\0005\000\040\000m\000e\000m\000o\000r\000y}{subsection.8.14.4}% 241
\BOOKMARK [3][-]{subsubsection.8.14.4.6}{\376\377\0008\000.\0001\0004\000.\0004\000.\0006\000\040\000s\000p\000e\000c\000i\000a\000l\000R\000e\000g\000i\000s\000t\000e\000r\000A\000r\000r\000a\000y}{subsection.8.14.4}% 242
\BOOKMARK [3][-]{subsubsection.8.14.4.7}{\376\377\0008\000.\0001\0004\000.\0004\000.\0007\000\040\000s\000t\000a\000c\000k}{subsection.8.14.4}% 243
\BOOKMARK [3][-]{subsubsection.8.14.4.8}{\376\377\0008\000.\0001\0004\000.\0004\000.\0008\000\040\000s\000u\000b\000r\000o\000u\000t\000i\000n\000e\000s}{subsection.8.14.4}% 244
\BOOKMARK [0][-]{chapter.9}{\376\377\0009\000\040\000F\000i\000l\000e\000\040\000D\000o\000c\000u\000m\000e\000n\000t\000a\000t\000i\000o\000n}{}% 245
\BOOKMARK [1][-]{section.9.1}{\376\377\0009\000.\0001\000\040\000d\000o\000c\000s\000/\000a\000s\000s\000e\000t\000s\000/\000d\000a\000t\000e\000i\000.\000c\000p\000p\000\040\000F\000i\000l\000e\000\040\000R\000e\000f\000e\000r\000e\000n\000c\000e}{chapter.9}% 246
\BOOKMARK [1][-]{section.9.2}{\376\377\0009\000.\0002\000\040\000s\000r\000c\000/\000d\000a\000t\000e\000i\000/\000d\000a\000t\000e\000i\000.\000c\000p\000p\000\040\000F\000i\000l\000e\000\040\000R\000e\000f\000e\000r\000e\000n\000c\000e}{chapter.9}% 247
\BOOKMARK [2][-]{subsection.9.2.1}{\376\377\0009\000.\0002\000.\0001\000\040\000F\000u\000n\000c\000t\000i\000o\000n\000\040\000D\000o\000c\000u\000m\000e\000n\000t\000a\000t\000i\000o\000n}{section.9.2}% 248
\BOOKMARK [3][-]{subsubsection.9.2.1.1}{\376\377\0009\000.\0002\000.\0001\000.\0001\000\040\000o\000p\000e\000r\000a\000t\000o\000r\000<\000<\000\050\000\051}{subsection.9.2.1}% 249
\BOOKMARK [1][-]{section.9.3}{\376\377\0009\000.\0003\000\040\000d\000o\000c\000s\000/\000s\000p\000e\000z\000i\000f\000i\000k\000a\000t\000i\000o\000n\000.\000m\000d\000\040\000F\000i\000l\000e\000\040\000R\000e\000f\000e\000r\000e\000n\000c\000e}{chapter.9}% 250
\BOOKMARK [1][-]{section.9.4}{\376\377\0009\000.\0004\000\040\000l\000i\000b\000/\000s\000i\000m\000p\000l\000e\000j\000s\000o\000n\000/\000j\000s\000o\000n\000.\000h\000p\000p\000\040\000F\000i\000l\000e\000\040\000R\000e\000f\000e\000r\000e\000n\000c\000e}{chapter.9}% 251
\BOOKMARK [1][-]{section.9.5}{\376\377\0009\000.\0005\000\040\000s\000r\000c\000/\000j\000s\000o\000n\000/\000j\000s\000o\000n\000.\000h\000p\000p\000\040\000F\000i\000l\000e\000\040\000R\000e\000f\000e\000r\000e\000n\000c\000e}{chapter.9}% 252
\BOOKMARK [2][-]{subsection.9.5.1}{\376\377\0009\000.\0005\000.\0001\000\040\000F\000u\000n\000c\000t\000i\000o\000n\000\040\000D\000o\000c\000u\000m\000e\000n\000t\000a\000t\000i\000o\000n}{section.9.5}% 253
\BOOKMARK [3][-]{subsubsection.9.5.1.1}{\376\377\0009\000.\0005\000.\0001\000.\0001\000\040\000o\000p\000e\000r\000a\000t\000o\000r\000<\000<\000\050\000\051}{subsection.9.5.1}% 254
\BOOKMARK [1][-]{section.9.6}{\376\377\0009\000.\0006\000\040\000R\000E\000A\000D\000M\000E\000.\000m\000d\000\040\000F\000i\000l\000e\000\040\000R\000e\000f\000e\000r\000e\000n\000c\000e}{chapter.9}% 255
\BOOKMARK [1][-]{section.9.7}{\376\377\0009\000.\0007\000\040\000s\000r\000c\000/\000d\000a\000t\000e\000i\000/\000d\000a\000t\000e\000i\000.\000h\000p\000p\000\040\000F\000i\000l\000e\000\040\000R\000e\000f\000e\000r\000e\000n\000c\000e}{chapter.9}% 256
\BOOKMARK [1][-]{section.9.8}{\376\377\0009\000.\0008\000\040\000s\000r\000c\000/\000d\000a\000t\000e\000i\000/\000i\000n\000s\000t\000r\000u\000c\000t\000i\000o\000n\000/\000i\000n\000s\000t\000r\000u\000c\000t\000i\000o\000n\000.\000c\000p\000p\000\040\000F\000i\000l\000e\000\040\000R\000e\000f\000e\000r\000e\000n\000c\000e}{chapter.9}% 257
\BOOKMARK [1][-]{section.9.9}{\376\377\0009\000.\0009\000\040\000s\000r\000c\000/\000d\000a\000t\000e\000i\000/\000i\000n\000s\000t\000r\000u\000c\000t\000i\000o\000n\000/\000i\000n\000s\000t\000r\000u\000c\000t\000i\000o\000n\000.\000h\000p\000p\000\040\000F\000i\000l\000e\000\040\000R\000e\000f\000e\000r\000e\000n\000c\000e}{chapter.9}% 258
\BOOKMARK [1][-]{section.9.10}{\376\377\0009\000.\0001\0000\000\040\000s\000r\000c\000/\000d\000a\000t\000e\000i\000/\000s\000p\000r\000a\000c\000h\000e\000/\000s\000p\000r\000a\000c\000h\000e\000.\000c\000p\000p\000\040\000F\000i\000l\000e\000\040\000R\000e\000f\000e\000r\000e\000n\000c\000e}{chapter.9}% 259
\BOOKMARK [1][-]{section.9.11}{\376\377\0009\000.\0001\0001\000\040\000s\000r\000c\000/\000d\000a\000t\000e\000i\000/\000s\000p\000r\000a\000c\000h\000e\000/\000s\000p\000r\000a\000c\000h\000e\000.\000h\000p\000p\000\040\000F\000i\000l\000e\000\040\000R\000e\000f\000e\000r\000e\000n\000c\000e}{chapter.9}% 260
\BOOKMARK [1][-]{section.9.12}{\376\377\0009\000.\0001\0002\000\040\000s\000r\000c\000/\000m\000a\000i\000n\000.\000c\000p\000p\000\040\000F\000i\000l\000e\000\040\000R\000e\000f\000e\000r\000e\000n\000c\000e}{chapter.9}% 261
\BOOKMARK [2][-]{subsection.9.12.1}{\376\377\0009\000.\0001\0002\000.\0001\000\040\000M\000a\000c\000r\000o\000\040\000D\000e\000f\000i\000n\000i\000t\000i\000o\000n\000\040\000D\000o\000c\000u\000m\000e\000n\000t\000a\000t\000i\000o\000n}{section.9.12}% 262
\BOOKMARK [3][-]{subsubsection.9.12.1.1}{\376\377\0009\000.\0001\0002\000.\0001\000.\0001\000\040\000L\000A\000N\000G\000U\000A\000G\000E\000\137\000F\000I\000L\000E}{subsection.9.12.1}% 263
\BOOKMARK [3][-]{subsubsection.9.12.1.2}{\376\377\0009\000.\0001\0002\000.\0001\000.\0002\000\040\000P\000R\000I\000N\000T\000\137\000L\000A\000N\000G\000U\000A\000G\000E}{subsection.9.12.1}% 264
\BOOKMARK [3][-]{subsubsection.9.12.1.3}{\376\377\0009\000.\0001\0002\000.\0001\000.\0003\000\040\000U\000S\000E\000\137\000F\000I\000L\000E\000S}{subsection.9.12.1}% 265
\BOOKMARK [2][-]{subsection.9.12.2}{\376\377\0009\000.\0001\0002\000.\0002\000\040\000F\000u\000n\000c\000t\000i\000o\000n\000\040\000D\000o\000c\000u\000m\000e\000n\000t\000a\000t\000i\000o\000n}{section.9.12}% 266
\BOOKMARK [3][-]{subsubsection.9.12.2.1}{\376\377\0009\000.\0001\0002\000.\0002\000.\0001\000\040\000m\000a\000i\000n\000\050\000\051}{subsection.9.12.2}% 267
\BOOKMARK [1][-]{section.9.13}{\376\377\0009\000.\0001\0003\000\040\000s\000r\000c\000/\000m\000e\000m\000o\000r\000y\000/\000m\000e\000m\000o\000r\000y\000.\000c\000p\000p\000\040\000F\000i\000l\000e\000\040\000R\000e\000f\000e\000r\000e\000n\000c\000e}{chapter.9}% 268
\BOOKMARK [1][-]{section.9.14}{\376\377\0009\000.\0001\0004\000\040\000s\000r\000c\000/\000m\000e\000m\000o\000r\000y\000/\000m\000e\000m\000o\000r\000y\000.\000h\000p\000p\000\040\000F\000i\000l\000e\000\040\000R\000e\000f\000e\000r\000e\000n\000c\000e}{chapter.9}% 269
\BOOKMARK [1][-]{section.9.15}{\376\377\0009\000.\0001\0005\000\040\000s\000r\000c\000/\000v\000i\000r\000t\000u\000a\000l\000m\000a\000c\000h\000i\000n\000e\000/\000v\000i\000r\000t\000u\000a\000l\000m\000a\000c\000h\000i\000n\000e\000.\000c\000p\000p\000\040\000F\000i\000l\000e\000\040\000R\000e\000f\000e\000r\000e\000n\000c\000e}{chapter.9}% 270
\BOOKMARK [2][-]{subsection.9.15.1}{\376\377\0009\000.\0001\0005\000.\0001\000\040\000F\000u\000n\000c\000t\000i\000o\000n\000\040\000D\000o\000c\000u\000m\000e\000n\000t\000a\000t\000i\000o\000n}{section.9.15}% 271
\BOOKMARK [3][-]{subsubsection.9.15.1.1}{\376\377\0009\000.\0001\0005\000.\0001\000.\0001\000\040\000a\000d\000d\000\050\000\051}{subsection.9.15.1}% 272
\BOOKMARK [3][-]{subsubsection.9.15.1.2}{\376\377\0009\000.\0001\0005\000.\0001\000.\0002\000\040\000j\000s\000r\000\050\000\051}{subsection.9.15.1}% 273
\BOOKMARK [3][-]{subsubsection.9.15.1.3}{\376\377\0009\000.\0001\0005\000.\0001\000.\0003\000\040\000m\000o\000v\000\050\000\051}{subsection.9.15.1}% 274
\BOOKMARK [3][-]{subsubsection.9.15.1.4}{\376\377\0009\000.\0001\0005\000.\0001\000.\0004\000\040\000p\000o\000p\000\050\000\051}{subsection.9.15.1}% 275
\BOOKMARK [3][-]{subsubsection.9.15.1.5}{\376\377\0009\000.\0001\0005\000.\0001\000.\0005\000\040\000p\000u\000s\000h\000\050\000\051}{subsection.9.15.1}% 276
\BOOKMARK [3][-]{subsubsection.9.15.1.6}{\376\377\0009\000.\0001\0005\000.\0001\000.\0006\000\040\000s\000l\0000\000\050\000\051}{subsection.9.15.1}% 277
\BOOKMARK [3][-]{subsubsection.9.15.1.7}{\376\377\0009\000.\0001\0005\000.\0001\000.\0007\000\040\000s\000r\0000\000\050\000\051}{subsection.9.15.1}% 278
\BOOKMARK [3][-]{subsubsection.9.15.1.8}{\376\377\0009\000.\0001\0005\000.\0001\000.\0008\000\040\000s\000u\000b\000\050\000\051}{subsection.9.15.1}% 279
\BOOKMARK [3][-]{subsubsection.9.15.1.9}{\376\377\0009\000.\0001\0005\000.\0001\000.\0009\000\040\000s\000w\000p\000\050\000\051}{subsection.9.15.1}% 280
\BOOKMARK [1][-]{section.9.16}{\376\377\0009\000.\0001\0006\000\040\000s\000r\000c\000/\000v\000i\000r\000t\000u\000a\000l\000m\000a\000c\000h\000i\000n\000e\000/\000v\000i\000r\000t\000u\000a\000l\000m\000a\000c\000h\000i\000n\000e\000.\000h\000p\000p\000\040\000F\000i\000l\000e\000\040\000R\000e\000f\000e\000r\000e\000n\000c\000e}{chapter.9}% 281
\BOOKMARK [0][-]{section*.213}{\376\377\000I\000n\000d\000e\000x}{}% 282
